Analysis & Synthesis report for Relogio
Tue Mar 25 19:39:35 2025
Quartus II 64-Bit Version 13.0.1 Build 232 06/12/2013 Service Pack 1 SJ Web Edition


---------------------
; Table of Contents ;
---------------------
  1. Legal Notice
  2. Analysis & Synthesis Summary
  3. Analysis & Synthesis Settings
  4. Parallel Compilation
  5. Analysis & Synthesis Source Files Read
  6. Analysis & Synthesis Resource Usage Summary
  7. Analysis & Synthesis Resource Utilization by Entity
  8. General Register Statistics
  9. Multiplexer Restructuring Statistics (Restructuring Performed)
 10. Port Connectivity Checks: "decoder_7seg:hora_dez"
 11. Port Connectivity Checks: "decoder_7seg:min_dez"
 12. Port Connectivity Checks: "decoder_7seg:seg_dez"
 13. Elapsed Time Per Partition
 14. Analysis & Synthesis Messages



----------------
; Legal Notice ;
----------------
Copyright (C) 1991-2013 Altera Corporation
Your use of Altera Corporation's design tools, logic functions 
and other software and tools, and its AMPP partner logic 
functions, and any output files from any of the foregoing 
(including device programming or simulation files), and any 
associated documentation or information are expressly subject 
to the terms and conditions of the Altera Program License 
Subscription Agreement, Altera MegaCore Function License 
Agreement, or other applicable license agreement, including, 
without limitation, that your use is for the sole purpose of 
programming logic devices manufactured by Altera and sold by 
Altera or its authorized distributors.  Please refer to the 
applicable agreement for further details.



+--------------------------------------------------------------------------------------+
; Analysis & Synthesis Summary                                                         ;
+------------------------------------+-------------------------------------------------+
; Analysis & Synthesis Status        ; Successful - Tue Mar 25 19:39:35 2025           ;
; Quartus II 64-Bit Version          ; 13.0.1 Build 232 06/12/2013 SP 1 SJ Web Edition ;
; Revision Name                      ; Relogio                                         ;
; Top-level Entity Name              ; Relogio                                         ;
; Family                             ; Cyclone IV GX                                   ;
; Total logic elements               ; 116                                             ;
;     Total combinational functions  ; 116                                             ;
;     Dedicated logic registers      ; 49                                              ;
; Total registers                    ; 49                                              ;
; Total pins                         ; 44                                              ;
; Total virtual pins                 ; 0                                               ;
; Total memory bits                  ; 0                                               ;
; Embedded Multiplier 9-bit elements ; 0                                               ;
; Total GXB Receiver Channel PCS     ; 0                                               ;
; Total GXB Receiver Channel PMA     ; 0                                               ;
; Total GXB Transmitter Channel PCS  ; 0                                               ;
; Total GXB Transmitter Channel PMA  ; 0                                               ;
; Total PLLs                         ; 0                                               ;
+------------------------------------+-------------------------------------------------+


+----------------------------------------------------------------------------------------------------------------------+
; Analysis & Synthesis Settings                                                                                        ;
+----------------------------------------------------------------------------+--------------------+--------------------+
; Option                                                                     ; Setting            ; Default Value      ;
+----------------------------------------------------------------------------+--------------------+--------------------+
; Top-level entity name                                                      ; Relogio            ; Relogio            ;
; Family name                                                                ; Cyclone IV GX      ; Cyclone IV GX      ;
; Use smart compilation                                                      ; Off                ; Off                ;
; Enable parallel Assembler and TimeQuest Timing Analyzer during compilation ; On                 ; On                 ;
; Enable compact report table                                                ; Off                ; Off                ;
; Restructure Multiplexers                                                   ; Auto               ; Auto               ;
; Create Debugging Nodes for IP Cores                                        ; Off                ; Off                ;
; Preserve fewer node names                                                  ; On                 ; On                 ;
; Disable OpenCore Plus hardware evaluation                                  ; Off                ; Off                ;
; Verilog Version                                                            ; Verilog_2001       ; Verilog_2001       ;
; VHDL Version                                                               ; VHDL_1993          ; VHDL_1993          ;
; State Machine Processing                                                   ; Auto               ; Auto               ;
; Safe State Machine                                                         ; Off                ; Off                ;
; Extract Verilog State Machines                                             ; On                 ; On                 ;
; Extract VHDL State Machines                                                ; On                 ; On                 ;
; Ignore Verilog initial constructs                                          ; Off                ; Off                ;
; Iteration limit for constant Verilog loops                                 ; 5000               ; 5000               ;
; Iteration limit for non-constant Verilog loops                             ; 250                ; 250                ;
; Add Pass-Through Logic to Inferred RAMs                                    ; On                 ; On                 ;
; Infer RAMs from Raw Logic                                                  ; On                 ; On                 ;
; Parallel Synthesis                                                         ; On                 ; On                 ;
; DSP Block Balancing                                                        ; Auto               ; Auto               ;
; NOT Gate Push-Back                                                         ; On                 ; On                 ;
; Power-Up Don't Care                                                        ; On                 ; On                 ;
; Remove Redundant Logic Cells                                               ; Off                ; Off                ;
; Remove Duplicate Registers                                                 ; On                 ; On                 ;
; Ignore CARRY Buffers                                                       ; Off                ; Off                ;
; Ignore CASCADE Buffers                                                     ; Off                ; Off                ;
; Ignore GLOBAL Buffers                                                      ; Off                ; Off                ;
; Ignore ROW GLOBAL Buffers                                                  ; Off                ; Off                ;
; Ignore LCELL Buffers                                                       ; Off                ; Off                ;
; Ignore SOFT Buffers                                                        ; On                 ; On                 ;
; Limit AHDL Integers to 32 Bits                                             ; Off                ; Off                ;
; Optimization Technique                                                     ; Balanced           ; Balanced           ;
; Carry Chain Length                                                         ; 70                 ; 70                 ;
; Auto Carry Chains                                                          ; On                 ; On                 ;
; Auto Open-Drain Pins                                                       ; On                 ; On                 ;
; Perform WYSIWYG Primitive Resynthesis                                      ; Off                ; Off                ;
; Auto ROM Replacement                                                       ; On                 ; On                 ;
; Auto RAM Replacement                                                       ; On                 ; On                 ;
; Auto DSP Block Replacement                                                 ; On                 ; On                 ;
; Auto Shift Register Replacement                                            ; Auto               ; Auto               ;
; Allow Shift Register Merging across Hierarchies                            ; Auto               ; Auto               ;
; Auto Clock Enable Replacement                                              ; On                 ; On                 ;
; Strict RAM Replacement                                                     ; Off                ; Off                ;
; Allow Synchronous Control Signals                                          ; On                 ; On                 ;
; Force Use of Synchronous Clear Signals                                     ; Off                ; Off                ;
; Auto RAM Block Balancing                                                   ; On                 ; On                 ;
; Auto RAM to Logic Cell Conversion                                          ; Off                ; Off                ;
; Auto Resource Sharing                                                      ; Off                ; Off                ;
; Allow Any RAM Size For Recognition                                         ; Off                ; Off                ;
; Allow Any ROM Size For Recognition                                         ; Off                ; Off                ;
; Allow Any Shift Register Size For Recognition                              ; Off                ; Off                ;
; Use LogicLock Constraints during Resource Balancing                        ; On                 ; On                 ;
; Ignore translate_off and synthesis_off directives                          ; Off                ; Off                ;
; Timing-Driven Synthesis                                                    ; On                 ; On                 ;
; Report Parameter Settings                                                  ; On                 ; On                 ;
; Report Source Assignments                                                  ; On                 ; On                 ;
; Report Connectivity Checks                                                 ; On                 ; On                 ;
; Ignore Maximum Fan-Out Assignments                                         ; Off                ; Off                ;
; Synchronization Register Chain Length                                      ; 2                  ; 2                  ;
; PowerPlay Power Optimization                                               ; Normal compilation ; Normal compilation ;
; HDL message level                                                          ; Level2             ; Level2             ;
; Suppress Register Optimization Related Messages                            ; Off                ; Off                ;
; Number of Removed Registers Reported in Synthesis Report                   ; 5000               ; 5000               ;
; Number of Swept Nodes Reported in Synthesis Report                         ; 5000               ; 5000               ;
; Number of Inverted Registers Reported in Synthesis Report                  ; 100                ; 100                ;
; Clock MUX Protection                                                       ; On                 ; On                 ;
; Auto Gated Clock Conversion                                                ; Off                ; Off                ;
; Block Design Naming                                                        ; Auto               ; Auto               ;
; SDC constraint protection                                                  ; Off                ; Off                ;
; Synthesis Effort                                                           ; Auto               ; Auto               ;
; Shift Register Replacement - Allow Asynchronous Clear Signal               ; On                 ; On                 ;
; Pre-Mapping Resynthesis Optimization                                       ; Off                ; Off                ;
; Analysis & Synthesis Message Level                                         ; Medium             ; Medium             ;
; Disable Register Merging Across Hierarchies                                ; Auto               ; Auto               ;
; Resource Aware Inference For Block RAM                                     ; On                 ; On                 ;
; Synthesis Seed                                                             ; 1                  ; 1                  ;
+----------------------------------------------------------------------------+--------------------+--------------------+


Parallel compilation was disabled, but you have multiple processors available. Enable parallel compilation to reduce compilation time.
+-------------------------------------+
; Parallel Compilation                ;
+----------------------------+--------+
; Processors                 ; Number ;
+----------------------------+--------+
; Number detected on machine ; 4      ;
; Maximum allowed            ; 1      ;
+----------------------------+--------+


+-----------------------------------------------------------------------------------------------------------------------------------------------+
; Analysis & Synthesis Source Files Read                                                                                                        ;
+----------------------------------+-----------------+------------------------------+-------------------------------------------------+---------+
; File Name with User-Entered Path ; Used in Netlist ; File Type                    ; File Name with Absolute Path                    ; Library ;
+----------------------------------+-----------------+------------------------------+-------------------------------------------------+---------+
; Relogio.sv                       ; yes             ; User SystemVerilog HDL File  ; C:/altera/Projetos/Relogio/Relogio.sv           ;         ;
; divisor_clock.sv                 ; yes             ; User SystemVerilog HDL File  ; C:/altera/Projetos/Relogio/divisor_clock.sv     ;         ;
; contador_segundos.sv             ; yes             ; User SystemVerilog HDL File  ; C:/altera/Projetos/Relogio/contador_segundos.sv ;         ;
; contador_minutos.sv              ; yes             ; User SystemVerilog HDL File  ; C:/altera/Projetos/Relogio/contador_minutos.sv  ;         ;
; contador_horas.sv                ; yes             ; User SystemVerilog HDL File  ; C:/altera/Projetos/Relogio/contador_horas.sv    ;         ;
; decoder_7seg.sv                  ; yes             ; User SystemVerilog HDL File  ; C:/altera/Projetos/Relogio/decoder_7seg.sv      ;         ;
+----------------------------------+-----------------+------------------------------+-------------------------------------------------+---------+


+---------------------------------------------+
; Analysis & Synthesis Resource Usage Summary ;
+--------------------------+------------------+
; Resource                 ; Usage            ;
+--------------------------+------------------+
; I/O pins                 ; 44               ;
; DSP block 9-bit elements ; 0                ;
; Maximum fan-out node     ; clock~input      ;
; Maximum fan-out          ; 49               ;
; Total fan-out            ; 590              ;
; Average fan-out          ; 2.33             ;
+--------------------------+------------------+


+--------------------------------------------------------------------------------------------------------------------------------------------------------------------------------------------------------------+
; Analysis & Synthesis Resource Utilization by Entity                                                                                                                                                          ;
+---------------------------------+-------------------+--------------+-------------+--------------+---------+-----------+-----------+------+--------------+-------------------------------------+--------------+
; Compilation Hierarchy Node      ; LC Combinationals ; LC Registers ; Memory Bits ; DSP Elements ; DSP 9x9 ; DSP 18x18 ; DSP 36x36 ; Pins ; Virtual Pins ; Full Hierarchy Name                 ; Library Name ;
+---------------------------------+-------------------+--------------+-------------+--------------+---------+-----------+-----------+------+--------------+-------------------------------------+--------------+
; |Relogio                        ; 116 (0)           ; 49 (0)       ; 0           ; 0            ; 0       ; 0         ; 0         ; 44   ; 0            ; |Relogio                            ; work         ;
;    |contador_horas:horas|       ; 14 (14)           ; 6 (6)        ; 0           ; 0            ; 0       ; 0         ; 0         ; 0    ; 0            ; |Relogio|contador_horas:horas       ; work         ;
;    |contador_minutos:minutos|   ; 14 (14)           ; 8 (8)        ; 0           ; 0            ; 0       ; 0         ; 0         ; 0    ; 0            ; |Relogio|contador_minutos:minutos   ; work         ;
;    |contador_segundos:segundos| ; 14 (14)           ; 8 (8)        ; 0           ; 0            ; 0       ; 0         ; 0         ; 0    ; 0            ; |Relogio|contador_segundos:segundos ; work         ;
;    |decoder_7seg:hora_dez|      ; 2 (2)             ; 0 (0)        ; 0           ; 0            ; 0       ; 0         ; 0         ; 0    ; 0            ; |Relogio|decoder_7seg:hora_dez      ; work         ;
;    |decoder_7seg:hora_unid|     ; 7 (7)             ; 0 (0)        ; 0           ; 0            ; 0       ; 0         ; 0         ; 0    ; 0            ; |Relogio|decoder_7seg:hora_unid     ; work         ;
;    |decoder_7seg:min_dez|       ; 7 (7)             ; 0 (0)        ; 0           ; 0            ; 0       ; 0         ; 0         ; 0    ; 0            ; |Relogio|decoder_7seg:min_dez       ; work         ;
;    |decoder_7seg:min_unid|      ; 7 (7)             ; 0 (0)        ; 0           ; 0            ; 0       ; 0         ; 0         ; 0    ; 0            ; |Relogio|decoder_7seg:min_unid      ; work         ;
;    |decoder_7seg:seg_dez|       ; 7 (7)             ; 0 (0)        ; 0           ; 0            ; 0       ; 0         ; 0         ; 0    ; 0            ; |Relogio|decoder_7seg:seg_dez       ; work         ;
;    |decoder_7seg:seg_unid|      ; 7 (7)             ; 0 (0)        ; 0           ; 0            ; 0       ; 0         ; 0         ; 0    ; 0            ; |Relogio|decoder_7seg:seg_unid      ; work         ;
;    |divisor_clock:div_clock|    ; 37 (37)           ; 27 (27)      ; 0           ; 0            ; 0       ; 0         ; 0         ; 0    ; 0            ; |Relogio|divisor_clock:div_clock    ; work         ;
+---------------------------------+-------------------+--------------+-------------+--------------+---------+-----------+-----------+------+--------------+-------------------------------------+--------------+
Note: For table entries with two numbers listed, the numbers in parentheses indicate the number of resources of the given type used by the specific entity alone. The numbers listed outside of parentheses indicate the total resources of the given type used by the specific entity and all of its sub-entities in the hierarchy.


+------------------------------------------------------+
; General Register Statistics                          ;
+----------------------------------------------+-------+
; Statistic                                    ; Value ;
+----------------------------------------------+-------+
; Total registers                              ; 49    ;
; Number of registers using Synchronous Clear  ; 31    ;
; Number of registers using Synchronous Load   ; 0     ;
; Number of registers using Asynchronous Clear ; 0     ;
; Number of registers using Asynchronous Load  ; 0     ;
; Number of registers using Clock Enable       ; 18    ;
; Number of registers using Preset             ; 0     ;
+----------------------------------------------+-------+


+--------------------------------------------------------------------------------------------------------------------------------------------------------------+
; Multiplexer Restructuring Statistics (Restructuring Performed)                                                                                               ;
+--------------------+-----------+---------------+----------------------+------------------------+------------+------------------------------------------------+
; Multiplexer Inputs ; Bus Width ; Baseline Area ; Area if Restructured ; Saving if Restructured ; Registered ; Example Multiplexer Output                     ;
+--------------------+-----------+---------------+----------------------+------------------------+------------+------------------------------------------------+
; 3:1                ; 26 bits   ; 52 LEs        ; 26 LEs               ; 26 LEs                 ; Yes        ; |Relogio|divisor_clock:div_clock|contador[11]  ;
; 4:1                ; 4 bits    ; 8 LEs         ; 4 LEs                ; 4 LEs                  ; Yes        ; |Relogio|contador_segundos:segundos|unidade[2] ;
; 4:1                ; 4 bits    ; 8 LEs         ; 4 LEs                ; 4 LEs                  ; Yes        ; |Relogio|contador_minutos:minutos|unidade[0]   ;
; 5:1                ; 3 bits    ; 9 LEs         ; 3 LEs                ; 6 LEs                  ; Yes        ; |Relogio|contador_segundos:segundos|dezena[2]  ;
; 5:1                ; 3 bits    ; 9 LEs         ; 3 LEs                ; 6 LEs                  ; Yes        ; |Relogio|contador_minutos:minutos|dezena[2]    ;
; 5:1                ; 2 bits    ; 6 LEs         ; 2 LEs                ; 4 LEs                  ; Yes        ; |Relogio|contador_horas:horas|dezena[1]        ;
; 5:1                ; 4 bits    ; 12 LEs        ; 4 LEs                ; 8 LEs                  ; Yes        ; |Relogio|contador_horas:horas|unidade[0]       ;
+--------------------+-----------+---------------+----------------------+------------------------+------------+------------------------------------------------+


+---------------------------------------------------+
; Port Connectivity Checks: "decoder_7seg:hora_dez" ;
+-------------+-------+----------+------------------+
; Port        ; Type  ; Severity ; Details          ;
+-------------+-------+----------+------------------+
; valor[3..2] ; Input ; Info     ; Stuck at GND     ;
+-------------+-------+----------+------------------+


+--------------------------------------------------+
; Port Connectivity Checks: "decoder_7seg:min_dez" ;
+----------+-------+----------+--------------------+
; Port     ; Type  ; Severity ; Details            ;
+----------+-------+----------+--------------------+
; valor[3] ; Input ; Info     ; Stuck at GND       ;
+----------+-------+----------+--------------------+


+--------------------------------------------------+
; Port Connectivity Checks: "decoder_7seg:seg_dez" ;
+----------+-------+----------+--------------------+
; Port     ; Type  ; Severity ; Details            ;
+----------+-------+----------+--------------------+
; valor[3] ; Input ; Info     ; Stuck at GND       ;
+----------+-------+----------+--------------------+


+-------------------------------+
; Elapsed Time Per Partition    ;
+----------------+--------------+
; Partition Name ; Elapsed Time ;
+----------------+--------------+
; Top            ; 00:00:00     ;
+----------------+--------------+


+-------------------------------+
; Analysis & Synthesis Messages ;
+-------------------------------+
Info: *******************************************************************
Info: Running Quartus II 64-Bit Analysis & Synthesis
    Info: Version 13.0.1 Build 232 06/12/2013 Service Pack 1 SJ Web Edition
    Info: Processing started: Tue Mar 25 19:39:34 2025
Info: Command: quartus_map --read_settings_files=on --write_settings_files=off Relogio -c Relogio
Warning (20028): Parallel compilation is not licensed and has been disabled
Info (12021): Found 1 design units, including 1 entities, in source file relogio.sv
    Info (12023): Found entity 1: Relogio
Info (12021): Found 1 design units, including 1 entities, in source file divisor_clock.sv
    Info (12023): Found entity 1: divisor_clock
Info (12021): Found 1 design units, including 1 entities, in source file contador_segundos.sv
    Info (12023): Found entity 1: contador_segundos
Info (12021): Found 1 design units, including 1 entities, in source file contador_minutos.sv
    Info (12023): Found entity 1: contador_minutos
Info (12021): Found 1 design units, including 1 entities, in source file contador_horas.sv
    Info (12023): Found entity 1: contador_horas
Info (12021): Found 1 design units, including 1 entities, in source file decoder_7seg.sv
    Info (12023): Found entity 1: decoder_7seg
Info (12021): Found 1 design units, including 1 entities, in source file relogio_tb.sv
    Info (12023): Found entity 1: Relogio_tb
Info (12127): Elaborating entity "Relogio" for the top level hierarchy
Info (12128): Elaborating entity "divisor_clock" for hierarchy "divisor_clock:div_clock"
Info (12128): Elaborating entity "contador_segundos" for hierarchy "contador_segundos:segundos"
Info (12128): Elaborating entity "decoder_7seg" for hierarchy "decoder_7seg:seg_unid"
Info (12128): Elaborating entity "contador_minutos" for hierarchy "contador_minutos:minutos"
Info (12128): Elaborating entity "contador_horas" for hierarchy "contador_horas:horas"
Warning (13024): Output pins are stuck at VCC or GND
    Warning (13410): Pin "h_msd[1]" is stuck at GND
Info (286030): Timing-Driven Synthesis is running
Info (16010): Generating hard_block partition "hard_block:auto_generated_inst"
    Info (16011): Adding 0 node(s), including 0 DDIO, 0 PLL, 0 transceiver and 0 LCELL
Info (21057): Implemented 160 device resources after synthesis - the final resource count might be different
    Info (21058): Implemented 2 input pins
    Info (21059): Implemented 42 output pins
    Info (21061): Implemented 116 logic cells
Info: Quartus II 64-Bit Analysis & Synthesis was successful. 0 errors, 3 warnings
    Info: Peak virtual memory: 4643 megabytes
    Info: Processing ended: Tue Mar 25 19:39:35 2025
    Info: Elapsed time: 00:00:01
    Info: Total CPU time (on all processors): 00:00:01


